<?xml version="1.0" encoding="UTF-8"?>
<!-- Generated by org.testng.reporters.JUnitReportReporter -->
<testsuite hostname="PAVULURU" failures="0" tests="2" name="qaclickacademy.RESTAssuredTest" time="0.008" errors="0" timestamp="2021-06-24T16:32:37 GMT-04:00" skipped="0">
  <testcase classname="qaclickacademy.RESTAssuredTest" name="postJira" time="0.001"/>
  <system-out/>
  <testcase classname="qaclickacademy.RESTAssuredTest" name="deleteTwitter" time="0.007"/>
  <system-out/>
</testsuite> <!-- qaclickacademy.RESTAssuredTest -->
