<?xml version="1.0" encoding="UTF-8"?>
<!-- Generated by org.testng.reporters.JUnitReportReporter -->
<testsuite hostname="PAVULURU" failures="0" tests="2" name="qaclickacademy.AppiumTest" time="0.009" errors="0" timestamp="2021-06-24T16:53:25 GMT-04:00" skipped="0">
  <testcase classname="qaclickacademy.AppiumTest" name="IOSApps" time="0.008"/>
  <system-out/>
  <testcase classname="qaclickacademy.AppiumTest" name="NativeAPpAndroid" time="0.001"/>
  <system-out/>
</testsuite> <!-- qaclickacademy.AppiumTest -->
