<?xml version="1.0" encoding="UTF-8"?>
<!-- Generated by org.testng.reporters.JUnitReportReporter -->
<testsuite hostname="PAVULURU" failures="0" tests="1" name="anilpavuluru.ExtentReport.ExtentReportDemo" time="10.725" errors="0" timestamp="2021-06-28T11:46:12 GMT-04:00" skipped="0">
  <testcase classname="anilpavuluru.ExtentReport.ExtentReportDemo" name="initialDemo" time="10.725"/>
  <system-out/>
</testsuite> <!-- anilpavuluru.ExtentReport.ExtentReportDemo -->
