<?xml version="1.0" encoding="UTF-8"?>
<!-- Generated by org.testng.reporters.JUnitReportReporter -->
<testsuite hostname="PAVULURU" failures="0" tests="2" name="Academy.HomePage" time="11.536" errors="0" timestamp="2021-07-19T17:50:09 GMT-04:00" skipped="0">
  <testcase classname="Academy.HomePage" name="basePageNavigation" time="4.126"/>
  <system-out/>
  <testcase classname="Academy.HomePage" name="basePageNavigation" time="7.410"/>
  <system-out/>
</testsuite> <!-- Academy.HomePage -->
