<?xml version="1.0" encoding="UTF-8"?>
<!-- Generated by org.testng.reporters.JUnitReportReporter -->
<testsuite skipped="0" hostname="PAVULURU" name="qaclickacademy.SeleniumTest" tests="2" failures="0" timestamp="2021-06-25T11:50:12 EDT" time="0.006" errors="0">
  <testcase name="BrowserAUtomation" time="0.006" classname="qaclickacademy.SeleniumTest"/>
  <system-out/>
  <testcase name="elementsUi" time="0.000" classname="qaclickacademy.SeleniumTest"/>
  <system-out/>
</testsuite> <!-- qaclickacademy.SeleniumTest -->
