<?xml version="1.0" encoding="UTF-8"?>
<!-- Generated by org.testng.reporters.JUnitReportReporter -->
<testsuite hostname="PAVULURU" failures="0" tests="1" name="Test.Test1" time="0.034" errors="0" timestamp="2021-06-21T11:49:57 GMT-04:00" skipped="0">
  <testcase classname="Test.Test1" name="streamCollect" time="0.034"/>
  <system-out/>
</testsuite> <!-- Test.Test1 -->
