<?xml version="1.0" encoding="UTF-8"?>
<!-- Generated by org.testng.reporters.JUnitReportReporter -->
<testsuite hostname="PAVULURU" failures="0" tests="1" name="test.Basic2" time="0.014" errors="0" timestamp="2021-06-23T16:24:36 GMT-04:00" skipped="0">
  <testcase classname="test.Basic2" name="ploan" time="0.014"/>
  <system-out/>
</testsuite> <!-- test.Basic2 -->
