<?xml version="1.0" encoding="UTF-8"?>
<!-- Generated by org.testng.reporters.JUnitReportReporter -->
<testsuite hostname="PAVULURU" failures="0" tests="3" name="test.Basic4" time="0.014" errors="0" timestamp="2021-06-23T16:24:36 GMT-04:00" skipped="0">
  <testcase classname="test.Basic4" name="MobileLoginHomeLoan" time="0.006"/>
  <system-out/>
  <testcase classname="test.Basic4" name="LoginApiHomeLogin" time="0.004"/>
  <system-out/>
  <testcase classname="test.Basic4" name="webloginHomeLoan" time="0.004"/>
  <system-out/>
</testsuite> <!-- test.Basic4 -->
