<?xml version="1.0" encoding="UTF-8"?>
<!-- Generated by org.testng.reporters.JUnitReportReporter -->
<testsuite hostname="PAVULURU" failures="0" tests="7" name="test.Basic3" time="0.039" errors="0" timestamp="2021-06-23T16:24:36 GMT-04:00" skipped="1">
  <testcase classname="test.Basic3" name="MobileLogincarLoan" time="0.015"/>
  <system-out/>
  <testcase classname="test.Basic3" name="MobileSignOutCarLoan" time="0.006"/>
  <system-out/>
  <testcase classname="test.Basic3" name="weblogin" time="0.005"/>
  <system-out/>
  <testcase classname="test.Basic3" name="MobileSignOutCarLoan" time="0.005"/>
  <system-out/>
  <testcase classname="test.Basic3" name="ApiCarLogin" time="0.003"/>
  <system-out/>
  <testcase classname="test.Basic3" name="MobileSignOutCarLoan" time="0.005"/>
  <system-out/>
  <testcase classname="test.Basic3" name="MobileSignincarLoan">
    <skipped/>
  </testcase> <!-- MobileSignincarLoan -->
  <system-out/>
</testsuite> <!-- test.Basic3 -->
