<?xml version="1.0" encoding="UTF-8"?>
<!-- Generated by org.testng.reporters.JUnitReportReporter -->
<testsuite hostname="PAVULURU" failures="0" tests="1" name="TestCases.LoginApplication" time="38.095" errors="0" timestamp="2021-07-07T15:37:15 GMT-04:00" skipped="0">
  <testcase classname="TestCases.LoginApplication" name="LogIn" time="38.095"/>
  <system-out/>
</testsuite> <!-- TestCases.LoginApplication -->
