<?xml version="1.0" encoding="UTF-8"?>
<!-- Generated by org.testng.reporters.JUnitReportReporter -->
<testsuite hostname="PAVULURU" failures="0" tests="1" name="SumValidation" time="2.054" errors="0" timestamp="2021-11-04T18:05:40 GMT-04:00" skipped="0">
  <testcase classname="SumValidation" name="sumOfCourses" time="2.054"/>
  <system-out/>
</testsuite> <!-- SumValidation -->
